[35m[1mConsolidate compiler generated dependencies of target gtest_main[0m
[35m[1mConsolidate compiler generated dependencies of target gtest[0m
[ 20%] Built target gtest_main
[ 40%] Built target gtest
[ 60%] Built target subscriber_node
[ 80%] Built target publisher_node
[ 90%] [32mBuilding CXX object CMakeFiles/test_simple_pubsub.dir/test/test_simple_pubsub.cpp.o[0m
[01m[K/home/rufus/Documents/ros2_files/simple_pubsub/test/test_simple_pubsub.cpp:2:10:[m[K [01;31m[Kfatal error: [m[Krclcpp/rclcpp.hpp: No such file or directory
    2 | #include [01;31m[K<rclcpp/rclcpp.hpp>[m[K
      |          [01;31m[K^~~~~~~~~~~~~~~~~~~[m[K
compilation terminated.
gmake[2]: *** [CMakeFiles/test_simple_pubsub.dir/build.make:76: CMakeFiles/test_simple_pubsub.dir/test/test_simple_pubsub.cpp.o] Error 1
gmake[1]: *** [CMakeFiles/Makefile2:212: CMakeFiles/test_simple_pubsub.dir/all] Error 2
gmake: *** [Makefile:146: all] Error 2
