[0.013s] Invoking command in '/home/rufus/Documents/ros2_files/simple_pubsub/build/simple_pubsub': CMAKE_PREFIX_PATH=${CMAKE_PREFIX_PATH}:/opt/ros/humble /usr/bin/cmake --build /home/rufus/Documents/ros2_files/simple_pubsub/build/simple_pubsub -- -j8 -l8
[0.029s] -- Found ament_cmake: 1.3.9 (/opt/ros/humble/share/ament_cmake/cmake)
[0.106s] -- Found rclcpp: 16.0.9 (/opt/ros/humble/share/rclcpp/cmake)
[0.127s] -- Found rosidl_generator_c: 3.1.5 (/opt/ros/humble/share/rosidl_generator_c/cmake)
[0.128s] -- Found rosidl_adapter: 3.1.5 (/opt/ros/humble/share/rosidl_adapter/cmake)
[0.133s] -- Found rosidl_generator_cpp: 3.1.5 (/opt/ros/humble/share/rosidl_generator_cpp/cmake)
[0.139s] -- Using all available rosidl_typesupport_c: rosidl_typesupport_fastrtps_c;rosidl_typesupport_introspection_c
[0.148s] -- Using all available rosidl_typesupport_cpp: rosidl_typesupport_fastrtps_cpp;rosidl_typesupport_introspection_cpp
[0.181s] -- Found rmw_implementation_cmake: 6.1.2 (/opt/ros/humble/share/rmw_implementation_cmake/cmake)
[0.182s] -- Found rmw_fastrtps_cpp: 6.2.6 (/opt/ros/humble/share/rmw_fastrtps_cpp/cmake)
[0.256s] -- Using RMW implementation 'rmw_fastrtps_cpp' as default
[0.347s] -- Found ament_lint_auto: 0.12.11 (/opt/ros/humble/share/ament_lint_auto/cmake)
[0.347s] -- Found ament_cmake_gtest: 1.3.9 (/opt/ros/humble/share/ament_cmake_gtest/cmake)
[0.349s] -- Found gtest sources under '/opt/ros/humble/src/gtest_vendor': C++ tests using 'Google Test' will be built
[0.392s] -- Configuring done
[0.401s] -- Generating done
[0.402s] -- Build files have been written to: /home/rufus/Documents/ros2_files/simple_pubsub/build/simple_pubsub
[0.423s] [35m[1mConsolidate compiler generated dependencies of target subscriber_node[0m
[0.423s] [35m[1mConsolidate compiler generated dependencies of target gtest[0m
[0.423s] [35m[1mConsolidate compiler generated dependencies of target gtest_main[0m
[0.423s] [35m[1mConsolidate compiler generated dependencies of target publisher_node[0m
[0.437s] [ 20%] Built target gtest
[0.438s] [ 40%] Built target gtest_main
[0.440s] [ 60%] Built target subscriber_node
[0.442s] [ 80%] Built target publisher_node
[0.450s] [ 90%] [32mBuilding CXX object CMakeFiles/test_simple_pubsub.dir/src/test_simple_pubsub.cpp.o[0m
[0.498s] [01m[K/home/rufus/Documents/ros2_files/simple_pubsub/src/test_simple_pubsub.cpp:2:10:[m[K [01;31m[Kfatal error: [m[Krclcpp/rclcpp.hpp: No such file or directory
[0.498s]     2 | #include [01;31m[K<rclcpp/rclcpp.hpp>[m[K
[0.499s]       |          [01;31m[K^~~~~~~~~~~~~~~~~~~[m[K
[0.499s] compilation terminated.
[0.500s] gmake[2]: *** [CMakeFiles/test_simple_pubsub.dir/build.make:76: CMakeFiles/test_simple_pubsub.dir/src/test_simple_pubsub.cpp.o] Error 1
[0.500s] gmake[1]: *** [CMakeFiles/Makefile2:212: CMakeFiles/test_simple_pubsub.dir/all] Error 2
[0.500s] gmake: *** [Makefile:146: all] Error 2
[0.502s] Invoked command in '/home/rufus/Documents/ros2_files/simple_pubsub/build/simple_pubsub' returned '2': CMAKE_PREFIX_PATH=${CMAKE_PREFIX_PATH}:/opt/ros/humble /usr/bin/cmake --build /home/rufus/Documents/ros2_files/simple_pubsub/build/simple_pubsub -- -j8 -l8
