[0.000000] (-) TimerEvent: {}
[0.000205] (simple_pubsub) JobQueued: {'identifier': 'simple_pubsub', 'dependencies': OrderedDict()}
[0.000354] (simple_pubsub) JobStarted: {'identifier': 'simple_pubsub'}
[0.005947] (simple_pubsub) JobProgress: {'identifier': 'simple_pubsub', 'progress': 'cmake'}
[0.006519] (simple_pubsub) JobProgress: {'identifier': 'simple_pubsub', 'progress': 'build'}
[0.006556] (simple_pubsub) Command: {'cmd': ['/usr/bin/cmake', '--build', '/home/rufus/Documents/ros2_files/simple_pubsub/build/simple_pubsub', '--', '-j8', '-l8'], 'cwd': '/home/rufus/Documents/ros2_files/simple_pubsub/build/simple_pubsub', 'env': OrderedDict([('LESSOPEN', '| /usr/bin/lesspipe %s'), ('LANGUAGE', 'en_GB:en'), ('USER', 'rufus'), ('XDG_SESSION_TYPE', 'x11'), ('SHLVL', '1'), ('LD_LIBRARY_PATH', '/opt/ros/humble/opt/rviz_ogre_vendor/lib:/opt/ros/humble/lib/x86_64-linux-gnu:/opt/ros/humble/lib'), ('HOME', '/home/rufus'), ('OLDPWD', '/home/rufus/Documents/ros2_files/simple_pubsub/test'), ('DESKTOP_SESSION', 'ubuntu'), ('ROS_PYTHON_VERSION', '3'), ('GNOME_SHELL_SESSION_MODE', 'ubuntu'), ('GTK_MODULES', 'gail:atk-bridge'), ('SYSTEMD_EXEC_PID', '2145'), ('DBUS_SESSION_BUS_ADDRESS', 'unix:path=/run/user/1000/bus'), ('COLORTERM', 'truecolor'), ('NVM_DIR', '/home/rufus/.nvm'), ('COLCON_PREFIX_PATH', '/home/rufus/Documents/ros2_files/simple_pubsub/install:/home/rufus/Documents/ros2_files/Mark1_ros2/install:/home/rufus/Documents/ros2_files/testing_package/install'), ('ROS_DISTRO', 'humble'), ('GTK_IM_MODULE', 'ibus'), ('LOGNAME', 'rufus'), ('_', '/usr/bin/colcon'), ('ROS_VERSION', '2'), ('XDG_SESSION_CLASS', 'user'), ('USERNAME', 'rufus'), ('TERM', 'xterm-256color'), ('GNOME_DESKTOP_SESSION_ID', 'this-is-deprecated'), ('ROS_LOCALHOST_ONLY', '0'), ('WINDOWPATH', '2'), ('PATH', '/opt/ros/humble/bin:/usr/local/sbin:/usr/local/bin:/usr/sbin:/usr/bin:/sbin:/bin:/usr/games:/usr/local/games:/snap/bin:/snap/bin'), ('SESSION_MANAGER', 'local/rufus-ASUS-TUF-Dash-F15-FX516PM-FX516PM:@/tmp/.ICE-unix/2116,unix/rufus-ASUS-TUF-Dash-F15-FX516PM-FX516PM:/tmp/.ICE-unix/2116'), ('XDG_MENU_PREFIX', 'gnome-'), ('GNOME_TERMINAL_SCREEN', '/org/gnome/Terminal/screen/34929514_92c1_415f_8566_9bdc93664444'), ('XDG_RUNTIME_DIR', '/run/user/1000'), ('DISPLAY', ':1'), ('LANG', 'en_GB.UTF-8'), ('XDG_CURRENT_DESKTOP', 'ubuntu:GNOME'), ('XMODIFIERS', '@im=ibus'), ('XDG_SESSION_DESKTOP', 'ubuntu'), ('XAUTHORITY', '/run/user/1000/gdm/Xauthority'), ('LS_COLORS', 'rs=0:di=01;34:ln=01;36:mh=00:pi=40;33:so=01;35:do=01;35:bd=40;33;01:cd=40;33;01:or=40;31;01:mi=00:su=37;41:sg=30;43:ca=30;41:tw=30;42:ow=34;42:st=37;44:ex=01;32:*.tar=01;31:*.tgz=01;31:*.arc=01;31:*.arj=01;31:*.taz=01;31:*.lha=01;31:*.lz4=01;31:*.lzh=01;31:*.lzma=01;31:*.tlz=01;31:*.txz=01;31:*.tzo=01;31:*.t7z=01;31:*.zip=01;31:*.z=01;31:*.dz=01;31:*.gz=01;31:*.lrz=01;31:*.lz=01;31:*.lzo=01;31:*.xz=01;31:*.zst=01;31:*.tzst=01;31:*.bz2=01;31:*.bz=01;31:*.tbz=01;31:*.tbz2=01;31:*.tz=01;31:*.deb=01;31:*.rpm=01;31:*.jar=01;31:*.war=01;31:*.ear=01;31:*.sar=01;31:*.rar=01;31:*.alz=01;31:*.ace=01;31:*.zoo=01;31:*.cpio=01;31:*.7z=01;31:*.rz=01;31:*.cab=01;31:*.wim=01;31:*.swm=01;31:*.dwm=01;31:*.esd=01;31:*.jpg=01;35:*.jpeg=01;35:*.mjpg=01;35:*.mjpeg=01;35:*.gif=01;35:*.bmp=01;35:*.pbm=01;35:*.pgm=01;35:*.ppm=01;35:*.tga=01;35:*.xbm=01;35:*.xpm=01;35:*.tif=01;35:*.tiff=01;35:*.png=01;35:*.svg=01;35:*.svgz=01;35:*.mng=01;35:*.pcx=01;35:*.mov=01;35:*.mpg=01;35:*.mpeg=01;35:*.m2v=01;35:*.mkv=01;35:*.webm=01;35:*.webp=01;35:*.ogm=01;35:*.mp4=01;35:*.m4v=01;35:*.mp4v=01;35:*.vob=01;35:*.qt=01;35:*.nuv=01;35:*.wmv=01;35:*.asf=01;35:*.rm=01;35:*.rmvb=01;35:*.flc=01;35:*.avi=01;35:*.fli=01;35:*.flv=01;35:*.gl=01;35:*.dl=01;35:*.xcf=01;35:*.xwd=01;35:*.yuv=01;35:*.cgm=01;35:*.emf=01;35:*.ogv=01;35:*.ogx=01;35:*.aac=00;36:*.au=00;36:*.flac=00;36:*.m4a=00;36:*.mid=00;36:*.midi=00;36:*.mka=00;36:*.mp3=00;36:*.mpc=00;36:*.ogg=00;36:*.ra=00;36:*.wav=00;36:*.oga=00;36:*.opus=00;36:*.spx=00;36:*.xspf=00;36:'), ('GNOME_TERMINAL_SERVICE', ':1.156'), ('SSH_AGENT_LAUNCHER', 'gnome-keyring'), ('SSH_AUTH_SOCK', '/run/user/1000/keyring/ssh'), ('AMENT_PREFIX_PATH', '/home/rufus/Documents/ros2_files/simple_pubsub/install/simple_pubsub:/home/rufus/Documents/ros2_files/Mark1_ros2/install/agaricus100_moveit_config:/home/rufus/Documents/ros2_files/Mark1_ros2/install/agaricus100_motion:/home/rufus/Documents/ros2_files/Mark1_ros2/install/agaricus100_gazebo:/home/rufus/Documents/ros2_files/Mark1_ros2/install/agaricus100_description:/opt/ros/humble'), ('SHELL', '/bin/bash'), ('QT_ACCESSIBILITY', '1'), ('GDMSESSION', 'ubuntu'), ('LESSCLOSE', '/usr/bin/lesspipe %s %s'), ('GPG_AGENT_INFO', '/run/user/1000/gnupg/S.gpg-agent:0:1'), ('QT_IM_MODULE', 'ibus'), ('PWD', '/home/rufus/Documents/ros2_files/simple_pubsub/build/simple_pubsub'), ('XDG_CONFIG_DIRS', '/etc/xdg/xdg-ubuntu:/etc/xdg'), ('NVM_CD_FLAGS', ''), ('XDG_DATA_DIRS', '/usr/share/ubuntu:/usr/share/gnome:/usr/local/share/:/usr/share/:/var/lib/snapd/desktop'), ('PYTHONPATH', '/opt/ros/humble/lib/python3.10/site-packages:/opt/ros/humble/local/lib/python3.10/dist-packages'), ('COLCON', '1'), ('VTE_VERSION', '6800'), ('NVM_RC_VERSION', ''), ('CMAKE_PREFIX_PATH', '/home/rufus/Documents/ros2_files/simple_pubsub/install/simple_pubsub:/home/rufus/Documents/ros2_files/Mark1_ros2/install/agaricus100_moveit_config:/home/rufus/Documents/ros2_files/Mark1_ros2/install/agaricus100_motion:/home/rufus/Documents/ros2_files/Mark1_ros2/install/agaricus100_gazebo:/home/rufus/Documents/ros2_files/Mark1_ros2/install/agaricus100_description:/opt/ros/humble')]), 'shell': False}
[0.023022] (simple_pubsub) StdoutLine: {'line': b'-- Found ament_cmake: 1.3.9 (/opt/ros/humble/share/ament_cmake/cmake)\n'}
[0.099885] (-) TimerEvent: {}
[0.100624] (simple_pubsub) StdoutLine: {'line': b'-- Found rclcpp: 16.0.9 (/opt/ros/humble/share/rclcpp/cmake)\n'}
[0.119296] (simple_pubsub) StdoutLine: {'line': b'-- Found rosidl_generator_c: 3.1.5 (/opt/ros/humble/share/rosidl_generator_c/cmake)\n'}
[0.120923] (simple_pubsub) StdoutLine: {'line': b'-- Found rosidl_adapter: 3.1.5 (/opt/ros/humble/share/rosidl_adapter/cmake)\n'}
[0.124776] (simple_pubsub) StdoutLine: {'line': b'-- Found rosidl_generator_cpp: 3.1.5 (/opt/ros/humble/share/rosidl_generator_cpp/cmake)\n'}
[0.132241] (simple_pubsub) StdoutLine: {'line': b'-- Using all available rosidl_typesupport_c: rosidl_typesupport_fastrtps_c;rosidl_typesupport_introspection_c\n'}
[0.141551] (simple_pubsub) StdoutLine: {'line': b'-- Using all available rosidl_typesupport_cpp: rosidl_typesupport_fastrtps_cpp;rosidl_typesupport_introspection_cpp\n'}
[0.176772] (simple_pubsub) StdoutLine: {'line': b'-- Found rmw_implementation_cmake: 6.1.2 (/opt/ros/humble/share/rmw_implementation_cmake/cmake)\n'}
[0.177701] (simple_pubsub) StdoutLine: {'line': b'-- Found rmw_fastrtps_cpp: 6.2.6 (/opt/ros/humble/share/rmw_fastrtps_cpp/cmake)\n'}
[0.199938] (-) TimerEvent: {}
[0.250560] (simple_pubsub) StdoutLine: {'line': b"-- Using RMW implementation 'rmw_fastrtps_cpp' as default\n"}
[0.300041] (-) TimerEvent: {}
[0.363631] (simple_pubsub) StdoutLine: {'line': b'-- Found ament_lint_auto: 0.12.11 (/opt/ros/humble/share/ament_lint_auto/cmake)\n'}
[0.380688] (simple_pubsub) StdoutLine: {'line': b'-- Found ament_cmake_gtest: 1.3.9 (/opt/ros/humble/share/ament_cmake_gtest/cmake)\n'}
[0.388995] (simple_pubsub) StdoutLine: {'line': b"-- Found gtest sources under '/opt/ros/humble/src/gtest_vendor': C++ tests using 'Google Test' will be built\n"}
[0.400139] (-) TimerEvent: {}
[0.442690] (simple_pubsub) StdoutLine: {'line': b'-- Configuring done\n'}
[0.451644] (simple_pubsub) StdoutLine: {'line': b'-- Generating done\n'}
[0.452911] (simple_pubsub) StdoutLine: {'line': b'-- Build files have been written to: /home/rufus/Documents/ros2_files/simple_pubsub/build/simple_pubsub\n'}
[0.471533] (simple_pubsub) StdoutLine: {'line': b'\x1b[35m\x1b[1mConsolidate compiler generated dependencies of target publisher_node\x1b[0m\n'}
[0.471770] (simple_pubsub) StdoutLine: {'line': b'\x1b[35m\x1b[1mConsolidate compiler generated dependencies of target subscriber_node\x1b[0m\n'}
[0.477462] (simple_pubsub) StdoutLine: {'line': b'[ 10%] \x1b[32mBuilding CXX object gtest/CMakeFiles/gtest_main.dir/src/gtest_main.cc.o\x1b[0m\n'}
[0.478938] (simple_pubsub) StdoutLine: {'line': b'[ 20%] \x1b[32mBuilding CXX object gtest/CMakeFiles/gtest.dir/src/gtest-all.cc.o\x1b[0m\n'}
[0.486399] (simple_pubsub) StdoutLine: {'line': b'[ 40%] Built target subscriber_node\n'}
[0.487213] (simple_pubsub) StdoutLine: {'line': b'[ 60%] Built target publisher_node\n'}
[0.500243] (-) TimerEvent: {}
[0.600603] (-) TimerEvent: {}
[0.701007] (-) TimerEvent: {}
[0.801407] (-) TimerEvent: {}
[0.901795] (-) TimerEvent: {}
[1.002170] (-) TimerEvent: {}
[1.029629] (simple_pubsub) StdoutLine: {'line': b'[ 70%] \x1b[32m\x1b[1mLinking CXX static library libgtest_main.a\x1b[0m\n'}
[1.056066] (simple_pubsub) StdoutLine: {'line': b'[ 70%] Built target gtest_main\n'}
[1.102260] (-) TimerEvent: {}
[1.202558] (-) TimerEvent: {}
[1.302876] (-) TimerEvent: {}
[1.403209] (-) TimerEvent: {}
[1.503529] (-) TimerEvent: {}
[1.603865] (-) TimerEvent: {}
[1.704140] (-) TimerEvent: {}
[1.804472] (-) TimerEvent: {}
[1.904832] (-) TimerEvent: {}
[2.005118] (-) TimerEvent: {}
[2.105378] (-) TimerEvent: {}
[2.205674] (-) TimerEvent: {}
[2.305986] (-) TimerEvent: {}
[2.406286] (-) TimerEvent: {}
[2.428413] (simple_pubsub) StdoutLine: {'line': b'[ 80%] \x1b[32m\x1b[1mLinking CXX static library libgtest.a\x1b[0m\n'}
[2.468288] (simple_pubsub) StdoutLine: {'line': b'[ 80%] Built target gtest\n'}
[2.484289] (simple_pubsub) StdoutLine: {'line': b'[ 90%] \x1b[32mBuilding CXX object CMakeFiles/test_simple_pubsub.dir/test/test_simple_pubsub.cpp.o\x1b[0m\n'}
[2.506446] (-) TimerEvent: {}
[2.532605] (simple_pubsub) StderrLine: {'line': b'\x1b[01m\x1b[K/home/rufus/Documents/ros2_files/simple_pubsub/test/test_simple_pubsub.cpp:2:10:\x1b[m\x1b[K \x1b[01;31m\x1b[Kfatal error: \x1b[m\x1b[Krclcpp/rclcpp.hpp: No such file or directory\n'}
[2.532875] (simple_pubsub) StderrLine: {'line': b'    2 | #include \x1b[01;31m\x1b[K<rclcpp/rclcpp.hpp>\x1b[m\x1b[K\n'}
[2.532939] (simple_pubsub) StderrLine: {'line': b'      |          \x1b[01;31m\x1b[K^~~~~~~~~~~~~~~~~~~\x1b[m\x1b[K\n'}
[2.532978] (simple_pubsub) StderrLine: {'line': b'compilation terminated.\n'}
[2.534564] (simple_pubsub) StderrLine: {'line': b'gmake[2]: *** [CMakeFiles/test_simple_pubsub.dir/build.make:76: CMakeFiles/test_simple_pubsub.dir/test/test_simple_pubsub.cpp.o] Error 1\n'}
[2.534675] (simple_pubsub) StderrLine: {'line': b'gmake[1]: *** [CMakeFiles/Makefile2:212: CMakeFiles/test_simple_pubsub.dir/all] Error 2\n'}
[2.534794] (simple_pubsub) StderrLine: {'line': b'gmake: *** [Makefile:146: all] Error 2\n'}
[2.536766] (simple_pubsub) CommandEnded: {'returncode': 2}
[2.563238] (simple_pubsub) JobEnded: {'identifier': 'simple_pubsub', 'rc': 2}
[2.573718] (-) EventReactorShutdown: {}
