Start testing: Jun 20 16:15 BST
----------------------------------------------------------
1/1 Testing: u_test_simple_pubsub
1/1 Test: u_test_simple_pubsub
Command: "/usr/bin/python3" "-u" "/opt/ros/humble/share/ament_cmake_test/cmake/run_test.py" "/home/rufus/Documents/ros2_files/simple_pubsub/build/simple_pubsub/test_results/simple_pubsub/u_test_simple_pubsub.gtest.xml" "--package-name" "simple_pubsub" "--output-file" "/home/rufus/Documents/ros2_files/simple_pubsub/build/simple_pubsub/ament_cmake_gtest/u_test_simple_pubsub.txt" "--command" "/home/rufus/Documents/ros2_files/simple_pubsub/build/simple_pubsub/u_test_simple_pubsub" "--gtest_output=xml:/home/rufus/Documents/ros2_files/simple_pubsub/build/simple_pubsub/test_results/simple_pubsub/u_test_simple_pubsub.gtest.xml"
Directory: /home/rufus/Documents/ros2_files/simple_pubsub/build/simple_pubsub
"u_test_simple_pubsub" start time: Jun 20 16:15 BST
Output:
----------------------------------------------------------
-- run_test.py: invoking following command in '/home/rufus/Documents/ros2_files/simple_pubsub/build/simple_pubsub':
 - /home/rufus/Documents/ros2_files/simple_pubsub/build/simple_pubsub/u_test_simple_pubsub --gtest_output=xml:/home/rufus/Documents/ros2_files/simple_pubsub/build/simple_pubsub/test_results/simple_pubsub/u_test_simple_pubsub.gtest.xml
[==========] Running 1 test from 1 test suite.
[----------] Global test environment set-up.
[----------] 1 test from SimplePubSubTest
[ RUN      ] SimplePubSubTest.TestPublishSubscribe
[       OK ] SimplePubSubTest.TestPublishSubscribe (18 ms)
[----------] 1 test from SimplePubSubTest (18 ms total)

[----------] Global test environment tear-down
[==========] 1 test from 1 test suite ran. (23 ms total)
[  PASSED  ] 1 test.
-- run_test.py: return code 0
-- run_test.py: inject classname prefix into gtest result file '/home/rufus/Documents/ros2_files/simple_pubsub/build/simple_pubsub/test_results/simple_pubsub/u_test_simple_pubsub.gtest.xml'
-- run_test.py: verify result file '/home/rufus/Documents/ros2_files/simple_pubsub/build/simple_pubsub/test_results/simple_pubsub/u_test_simple_pubsub.gtest.xml'
<end of output>
Test time =   0.19 sec
----------------------------------------------------------
Test Passed.
"u_test_simple_pubsub" end time: Jun 20 16:15 BST
"u_test_simple_pubsub" time elapsed: 00:00:00
----------------------------------------------------------

End testing: Jun 20 16:15 BST

gtest =   0.19 sec*proc

