[01m[K/home/rufus/Documents/ros2_files/simple_pubsub/src/test_simple_pubsub.cpp:1:10:[m[K [01;31m[Kfatal error: [m[Krclcpp/rclcpp.hpp: No such file or directory
    1 | #include [01;31m[K<rclcpp/rclcpp.hpp>[m[K
      |          [01;31m[K^~~~~~~~~~~~~~~~~~~[m[K
compilation terminated.
gmake[2]: *** [CMakeFiles/test_simple_pubsub.dir/build.make:76: CMakeFiles/test_simple_pubsub.dir/src/test_simple_pubsub.cpp.o] Error 1
gmake[1]: *** [CMakeFiles/Makefile2:212: CMakeFiles/test_simple_pubsub.dir/all] Error 2
gmake: *** [Makefile:146: all] Error 2
