[0.013s] Invoking command in '/home/rufus/Documents/ros2_files/simple_pubsub/build/simple_pubsub': CMAKE_PREFIX_PATH=${CMAKE_PREFIX_PATH}:/home/rufus/Documents/ros2_files/install/my_robot_controller:/home/rufus/Documents/ros2_files/install/mqtt_ros_bridge:/opt/ros/humble /usr/bin/cmake --build /home/rufus/Documents/ros2_files/simple_pubsub/build/simple_pubsub -- -j8 -l8
[0.031s] -- Found ament_cmake: 1.3.9 (/opt/ros/humble/share/ament_cmake/cmake)
[0.112s] -- Found rclcpp: 16.0.9 (/opt/ros/humble/share/rclcpp/cmake)
[0.134s] -- Found rosidl_generator_c: 3.1.5 (/opt/ros/humble/share/rosidl_generator_c/cmake)
[0.135s] -- Found rosidl_adapter: 3.1.5 (/opt/ros/humble/share/rosidl_adapter/cmake)
[0.139s] -- Found rosidl_generator_cpp: 3.1.5 (/opt/ros/humble/share/rosidl_generator_cpp/cmake)
[0.146s] -- Using all available rosidl_typesupport_c: rosidl_typesupport_fastrtps_c;rosidl_typesupport_introspection_c
[0.155s] -- Using all available rosidl_typesupport_cpp: rosidl_typesupport_fastrtps_cpp;rosidl_typesupport_introspection_cpp
[0.189s] -- Found rmw_implementation_cmake: 6.1.2 (/opt/ros/humble/share/rmw_implementation_cmake/cmake)
[0.190s] -- Found rmw_fastrtps_cpp: 6.2.6 (/opt/ros/humble/share/rmw_fastrtps_cpp/cmake)
[0.265s] -- Using RMW implementation 'rmw_fastrtps_cpp' as default
[0.357s] -- Found ament_lint_auto: 0.12.11 (/opt/ros/humble/share/ament_lint_auto/cmake)
[0.357s] -- Found ament_cmake_gtest: 1.3.9 (/opt/ros/humble/share/ament_cmake_gtest/cmake)
[0.359s] -- Found gtest sources under '/opt/ros/humble/src/gtest_vendor': C++ tests using 'Google Test' will be built
[0.402s] -- Configuring done
[0.414s] -- Generating done
[0.416s] -- Build files have been written to: /home/rufus/Documents/ros2_files/simple_pubsub/build/simple_pubsub
[0.437s] [35m[1mConsolidate compiler generated dependencies of target gtest_main[0m
[0.438s] [35m[1mConsolidate compiler generated dependencies of target gtest[0m
[0.438s] [35m[1mConsolidate compiler generated dependencies of target subscriber_node[0m
[0.438s] [35m[1mConsolidate compiler generated dependencies of target publisher_node[0m
[0.450s] [ 20%] Built target gtest_main
[0.453s] [ 40%] Built target gtest
[0.453s] [ 60%] Built target publisher_node
[0.454s] [ 80%] Built target subscriber_node
[0.466s] [ 90%] [32mBuilding CXX object CMakeFiles/test_simple_pubsub.dir/src/test_simple_pubsub.cpp.o[0m
[0.472s] [01m[K/home/rufus/Documents/ros2_files/simple_pubsub/src/test_simple_pubsub.cpp:1:10:[m[K [01;31m[Kfatal error: [m[Krclcpp/rclcpp.hpp: No such file or directory
[0.472s]     1 | #include [01;31m[K<rclcpp/rclcpp.hpp>[m[K
[0.472s]       |          [01;31m[K^~~~~~~~~~~~~~~~~~~[m[K
[0.472s] compilation terminated.
[0.472s] gmake[2]: *** [CMakeFiles/test_simple_pubsub.dir/build.make:76: CMakeFiles/test_simple_pubsub.dir/src/test_simple_pubsub.cpp.o] Error 1
[0.472s] gmake[1]: *** [CMakeFiles/Makefile2:212: CMakeFiles/test_simple_pubsub.dir/all] Error 2
[0.473s] gmake: *** [Makefile:146: all] Error 2
[0.475s] Invoked command in '/home/rufus/Documents/ros2_files/simple_pubsub/build/simple_pubsub' returned '2': CMAKE_PREFIX_PATH=${CMAKE_PREFIX_PATH}:/home/rufus/Documents/ros2_files/install/my_robot_controller:/home/rufus/Documents/ros2_files/install/mqtt_ros_bridge:/opt/ros/humble /usr/bin/cmake --build /home/rufus/Documents/ros2_files/simple_pubsub/build/simple_pubsub -- -j8 -l8
